<?xml version="1.0" encoding="UTF-8"?>
<!-- Generated by org.testng.reporters.JUnitXMLReporter -->
<testsuite hostname="Lochana" ignored="0" name="TestNgMavenTest" tests="4" failures="0" timestamp="2020-10-27T01:51:31 IST" time="0.077" errors="0">
  <testcase name="testTimeOut" time="0.008" classname="com.spark.ncms.test.PatientServiceImplTest"/>
  <testcase name="testDistance" time="0.003" classname="com.spark.ncms.test.PatientServiceImplTest"/>
  <testcase name="testPatientId" time="0.0" classname="com.spark.ncms.test.PatientServiceImplTest"/>
  <testcase name="testMocking" time="0.0" classname="com.spark.ncms.test.DoctorServiceImplTest"/>
</testsuite> <!-- TestNgMavenTest -->
