<?xml version="1.0" encoding="UTF-8"?>
<!-- Generated by org.testng.reporters.JUnitXMLReporter -->
<testsuite hostname="Lochana" ignored="0" name="TestNgMavenTest" tests="4" failures="0" timestamp="2020-10-20T10:05:36 IST" time="0.067" errors="0">
  <testcase name="testTimeOut" time="0.01" classname="com.spark.ncms.test.PatientServiceImplTest"/>
  <testcase name="testDistance" time="0.004" classname="com.spark.ncms.test.PatientServiceImplTest"/>
  <testcase name="testPatientId" time="0.001" classname="com.spark.ncms.test.PatientServiceImplTest"/>
  <testcase name="testMocking" time="0.0" classname="com.spark.ncms.test.DoctorServiceImplTest"/>
</testsuite> <!-- TestNgMavenTest -->
