<?xml version="1.0" encoding="UTF-8"?>
<testsuite xmlns:xsi="http://www.w3.org/2001/XMLSchema-instance" xsi:noNamespaceSchemaLocation="https://maven.apache.org/surefire/maven-surefire-plugin/xsd/surefire-test-report.xsd" name="TestSuite" time="1.072" tests="4" errors="0" skipped="0" failures="0">
  <properties>
[...]
</properties>
  <testcase name="testTimeOut" classname="com.spark.ncms.test.PatientServiceImplTest" time="0.011"/>
  <testcase name="testDistance" classname="com.spark.ncms.test.PatientServiceImplTest" time="0.001"/>
  <testcase name="testPatientId" classname="com.spark.ncms.test.PatientServiceImplTest" time="0"/>
  <testcase name="testMocking" classname="com.spark.ncms.test.DoctorServiceImplTest" time="0"/>
</testsuite>